<?xml version="1.0" encoding="UTF-8"?>
<!-- Generated by org.testng.reporters.JUnitXMLReporter -->
<testsuite ignored="0" hostname="LAPTOP-ARENP5BH" failures="1" tests="4" name="flipkart" time="12.43" errors="0" timestamp="27 Dec 2023 18:02:09 GMT">
  <testcase classname="org.program.flipkart" name="searchPhone" time="0.395">
    <skipped/>
  </testcase> <!-- searchPhone -->
  <testcase classname="org.program.flipkart" name="searchPhone" time="5.351">
    <skipped/>
  </testcase> <!-- searchPhone -->
  <testcase classname="org.program.flipkart" name="searchPhone" time="0.306">
    <skipped/>
  </testcase> <!-- searchPhone -->
  <testcase classname="org.program.flipkart" name="searchPhone" time="0.339">
    <failure type="java.lang.AssertionError" message="expected [true] but found [false]">
      <![CDATA[java.lang.AssertionError: expected [true] but found [false]
at org.program.flipkart.searchPhone(flipkart.java:31)
... Removed 29 stack frames]]>
    </failure>
  </testcase> <!-- searchPhone -->
</testsuite> <!-- flipkart -->
