<?xml version="1.0" encoding="UTF-8"?>
<!-- Generated by org.testng.reporters.JUnitXMLReporter -->
<testsuite ignored="2" hostname="LAPTOP-ARENP5BH" failures="0" tests="5" name="Test" time="0.069" errors="0" timestamp="25 Dec 2023 16:46:28 GMT">
  <testcase classname="org.program.Sample" name="tc5" time="0.015"/>
  <testcase classname="org.program.Sample" name="tc3" time="0.002"/>
  <testcase classname="org.program.Sample" name="tc3" time="0.002"/>
  <testcase classname="org.program.Sample" name="tc3" time="0.001"/>
  <testcase classname="org.program.Sample" name="tc1" time="0.002"/>
  <testcase classname="org.program.Sample" name="tc4" time="0.0">
    <ignored/>
  </testcase> <!-- tc4 -->
  <testcase classname="org.program.Sample" name="tc2" time="0.0">
    <ignored/>
  </testcase> <!-- tc2 -->
</testsuite> <!-- Test -->
